0 verbose cli /usr/local/bin/node /usr/local/bin/npm
1 info using npm@10.2.0
2 info using node@v21.1.0
3 timing npm:load:whichnode Completed in 0ms
4 timing config:load:defaults Completed in 1ms
5 timing config:load:file:/usr/local/lib/node_modules/npm/npmrc Completed in 1ms
6 timing config:load:builtin Completed in 1ms
7 timing config:load:cli Completed in 1ms
8 timing config:load:env Completed in 1ms
9 timing config:load:file:/Users/medoaljoudi/Library/Caches/typescript/4.3/.npmrc Completed in 0ms
10 timing config:load:project Completed in 1ms
11 timing config:load:file:/Users/medoaljoudi/.npmrc Completed in 0ms
12 timing config:load:user Completed in 0ms
13 timing config:load:file:/usr/local/etc/npmrc Completed in 1ms
14 timing config:load:global Completed in 1ms
15 timing config:load:setEnvs Completed in 0ms
16 timing config:load Completed in 6ms
17 timing npm:load:configload Completed in 6ms
18 timing config:load:flatten Completed in 2ms
19 timing npm:load:mkdirpcache Completed in 2ms
20 timing npm:load:mkdirplogs Completed in 0ms
21 verbose title npm install types-registry@latest
22 verbose argv "install" "--ignore-scripts" "types-registry@latest"
23 timing npm:load:setTitle Completed in 18ms
24 timing npm:load:display Completed in 0ms
25 verbose logfile logs-max:10 dir:/Users/medoaljoudi/.npm/_logs/2023-10-27T20_12_40_053Z-
26 verbose logfile /Users/medoaljoudi/.npm/_logs/2023-10-27T20_12_40_053Z-debug-0.log
27 timing npm:load:logFile Completed in 9ms
28 timing npm:load:timers Completed in 0ms
29 timing npm:load:configScope Completed in 0ms
30 timing npm:load Completed in 50ms
31 timing arborist:ctor Completed in 0ms
32 silly logfile done cleaning log files
33 timing arborist:ctor Completed in 0ms
34 timing idealTree:init Completed in 9ms
35 http fetch GET 200 https://registry.npmjs.org/types-registry 83257ms attempt #3 (cache miss)
36 timing idealTree:userRequests Completed in 83264ms
37 silly idealTree buildDeps
38 silly fetch manifest types-registry@0.1.668
39 silly placeDep ROOT types-registry@0.1.668 OK for:  want: 0.1.668
40 timing idealTree:#root Completed in 7ms
41 timing idealTree:node_modules/types-registry Completed in 0ms
42 timing idealTree:buildDeps Completed in 7ms
43 timing idealTree:fixDepFlags Completed in 0ms
44 timing idealTree Completed in 83282ms
45 timing reify:loadTrees Completed in 83283ms
46 timing reify:diffTrees Completed in 0ms
47 silly reify moves {}
48 timing reify:retireShallow Completed in 1ms
49 timing reify:createSparse Completed in 1ms
50 timing reify:loadBundles Completed in 0ms
51 silly audit bulk request { 'types-registry': [ '0.1.668' ] }
52 silly tarball no local data for types-registry@https://registry.npmjs.org/types-registry/-/types-registry-0.1.668.tgz. Extracting by manifest.
53 http fetch POST 200 https://registry.npmjs.org/-/npm/v1/security/advisories/bulk 417ms
54 timing auditReport:getReport Completed in 419ms
55 silly audit report {}
56 timing auditReport:init Completed in 0ms
57 timing reify:audit Completed in 419ms
58 http fetch GET 200 https://registry.npmjs.org/npm 83818ms attempt #3 (cache miss)
59 http fetch GET 200 https://registry.npmjs.org/types-registry/-/types-registry-0.1.668.tgz 1669ms (cache miss)
60 timing reifyNode:node_modules/types-registry Completed in 1676ms
61 timing reify:unpack Completed in 1676ms
62 timing reify:unretire Completed in 0ms
63 timing build:queue Completed in 0ms
64 timing build:deps Completed in 1ms
65 timing build Completed in 1ms
66 timing reify:build Completed in 1ms
67 timing reify:trash Completed in 0ms
68 timing reify:save Completed in 6ms
69 timing reify Completed in 85047ms
70 silly ADD node_modules/types-registry
71 timing command:install Completed in 85051ms
72 notice
72 notice New patch version of npm available! 10.2.0 -> 10.2.1
72 notice Changelog: <https://github.com/npm/cli/releases/tag/v10.2.1>
72 notice Run `npm install -g npm@10.2.1` to update!
72 notice
73 verbose exit 0
74 timing npm Completed in 85327ms
75 info ok
