0 verbose cli /usr/local/bin/node /usr/local/bin/npm
1 info using npm@10.2.0
2 info using node@v21.1.0
3 timing npm:load:whichnode Completed in 1ms
4 timing config:load:defaults Completed in 1ms
5 timing config:load:file:/usr/local/lib/node_modules/npm/npmrc Completed in 0ms
6 timing config:load:builtin Completed in 0ms
7 timing config:load:cli Completed in 2ms
8 timing config:load:env Completed in 0ms
9 timing config:load:file:/Users/medoaljoudi/Library/Caches/typescript/4.3/.npmrc Completed in 0ms
10 timing config:load:project Completed in 1ms
11 timing config:load:file:/Users/medoaljoudi/.npmrc Completed in 0ms
12 timing config:load:user Completed in 0ms
13 timing config:load:file:/usr/local/etc/npmrc Completed in 0ms
14 timing config:load:global Completed in 0ms
15 timing config:load:setEnvs Completed in 1ms
16 timing config:load Completed in 6ms
17 timing npm:load:configload Completed in 6ms
18 timing config:load:flatten Completed in 2ms
19 timing npm:load:mkdirpcache Completed in 1ms
20 timing npm:load:mkdirplogs Completed in 0ms
21 verbose title npm install @types/node@ts4.3
22 verbose argv "install" "--ignore-scripts" "@types/node@ts4.3" "--save-dev" "--user-agent" "typesInstaller/4.3.5"
23 timing npm:load:setTitle Completed in 21ms
24 timing npm:load:display Completed in 0ms
25 verbose logfile logs-max:10 dir:/Users/medoaljoudi/.npm/_logs/2023-11-01T10_42_40_706Z-
26 verbose logfile /Users/medoaljoudi/.npm/_logs/2023-11-01T10_42_40_706Z-debug-0.log
27 timing npm:load:logFile Completed in 9ms
28 timing npm:load:timers Completed in 0ms
29 timing npm:load:configScope Completed in 0ms
30 timing npm:load Completed in 51ms
31 timing arborist:ctor Completed in 0ms
32 silly logfile done cleaning log files
33 timing idealTree:init Completed in 11ms
34 timing arborist:ctor Completed in 0ms
35 http fetch GET 200 https://registry.npmjs.org/@types%2fnode 4107ms (cache miss)
36 timing idealTree:userRequests Completed in 4121ms
37 silly idealTree buildDeps
38 silly fetch manifest @types/node@20.6.0
39 silly placeDep ROOT @types/node@20.6.0 OK for:  want: 20.6.0
40 timing idealTree:#root Completed in 6ms
41 timing idealTree:node_modules/@types/node Completed in 0ms
42 timing idealTree:buildDeps Completed in 7ms
43 timing idealTree:fixDepFlags Completed in 1ms
44 timing idealTree Completed in 4141ms
45 timing reify:loadTrees Completed in 4141ms
46 timing reify:diffTrees Completed in 2ms
47 silly reify moves {}
48 timing reify:retireShallow Completed in 1ms
49 timing reify:createSparse Completed in 3ms
50 timing reify:loadBundles Completed in 0ms
51 silly audit bulk request { 'types-registry': [ '0.1.669' ], '@types/node': [ '20.6.0' ] }
52 silly tarball no local data for @types/node@https://registry.npmjs.org/@types/node/-/node-20.6.0.tgz. Extracting by manifest.
53 http fetch POST 200 https://registry.npmjs.org/-/npm/v1/security/advisories/bulk 289ms
54 timing auditReport:getReport Completed in 291ms
55 silly audit report {}
56 timing auditReport:init Completed in 0ms
57 timing reify:audit Completed in 291ms
58 http fetch GET 200 https://registry.npmjs.org/@types/node/-/node-20.6.0.tgz 1160ms (cache miss)
59 timing reifyNode:node_modules/@types/node Completed in 1168ms
60 timing reify:unpack Completed in 1169ms
61 timing reify:unretire Completed in 0ms
62 timing build:queue Completed in 1ms
63 timing build:deps Completed in 1ms
64 timing build Completed in 1ms
65 timing reify:build Completed in 1ms
66 timing reify:trash Completed in 0ms
67 timing reify:save Completed in 5ms
68 timing reify Completed in 5332ms
69 silly ADD node_modules/@types/node
70 timing command:install Completed in 5337ms
71 verbose exit 0
72 timing npm Completed in 5594ms
73 info ok
