0 verbose cli /usr/local/bin/node /usr/local/bin/npm
1 info using npm@10.2.0
2 info using node@v21.1.0
3 timing npm:load:whichnode Completed in 1ms
4 timing config:load:defaults Completed in 2ms
5 timing config:load:file:/usr/local/lib/node_modules/npm/npmrc Completed in 1ms
6 timing config:load:builtin Completed in 1ms
7 timing config:load:cli Completed in 2ms
8 timing config:load:env Completed in 0ms
9 timing config:load:file:/Users/medoaljoudi/Library/Caches/typescript/4.3/.npmrc Completed in 0ms
10 timing config:load:project Completed in 3ms
11 timing config:load:file:/Users/medoaljoudi/.npmrc Completed in 0ms
12 timing config:load:user Completed in 0ms
13 timing config:load:file:/usr/local/etc/npmrc Completed in 0ms
14 timing config:load:global Completed in 0ms
15 timing config:load:setEnvs Completed in 1ms
16 timing config:load Completed in 10ms
17 timing npm:load:configload Completed in 10ms
18 timing config:load:flatten Completed in 2ms
19 timing npm:load:mkdirpcache Completed in 1ms
20 timing npm:load:mkdirplogs Completed in 0ms
21 verbose title npm install types-registry@latest
22 verbose argv "install" "--ignore-scripts" "types-registry@latest"
23 timing npm:load:setTitle Completed in 20ms
24 timing npm:load:display Completed in 1ms
25 verbose logfile logs-max:10 dir:/Users/medoaljoudi/.npm/_logs/2023-11-29T13_35_20_457Z-
26 verbose logfile /Users/medoaljoudi/.npm/_logs/2023-11-29T13_35_20_457Z-debug-0.log
27 timing npm:load:logFile Completed in 9ms
28 timing npm:load:timers Completed in 0ms
29 timing npm:load:configScope Completed in 0ms
30 timing npm:load Completed in 54ms
31 timing arborist:ctor Completed in 1ms
32 silly logfile start cleaning logs, removing 1 files
33 silly logfile done cleaning log files
34 timing idealTree:init Completed in 46ms
35 timing arborist:ctor Completed in 0ms
36 http fetch GET 200 https://registry.npmjs.org/types-registry 952ms (cache revalidated)
37 timing idealTree:userRequests Completed in 957ms
38 silly idealTree buildDeps
39 silly fetch manifest types-registry@0.1.672
40 silly placeDep ROOT types-registry@0.1.672 REPLACE for:  want: 0.1.672
41 timing idealTree:#root Completed in 13ms
42 timing idealTree:node_modules/types-registry Completed in 0ms
43 timing idealTree:buildDeps Completed in 13ms
44 timing idealTree:fixDepFlags Completed in 1ms
45 timing idealTree Completed in 1018ms
46 timing reify:loadTrees Completed in 1019ms
47 timing reify:diffTrees Completed in 2ms
48 silly reify moves {}
49 timing reify:retireShallow Completed in 1ms
50 timing reify:createSparse Completed in 0ms
51 timing reify:loadBundles Completed in 0ms
52 silly audit bulk request {
52 silly audit   '@popperjs/core': [ '2.11.8' ],
52 silly audit   '@types/abbrev': [ '1.1.2' ],
52 silly audit   '@types/accepts': [ '1.3.5' ],
52 silly audit   '@types/balanced-match': [ '1.0.3' ],
52 silly audit   '@types/base64id': [ '2.0.0' ],
52 silly audit   '@types/benchmark': [ '2.1.2' ],
52 silly audit   '@types/body-parser': [ '1.19.2' ],
52 silly audit   '@types/bootstrap': [ '5.2.6' ],
52 silly audit   '@types/brace-expansion': [ '1.1.0' ],
52 silly audit   '@types/braces': [ '3.0.2' ],
52 silly audit   '@types/bytes': [ '3.1.1' ],
52 silly audit   '@types/call-bind': [ '1.0.3' ],
52 silly audit   '@types/concat-map': [ '0.0.1' ],
52 silly audit   '@types/connect': [ '3.4.38' ],
52 silly audit   '@types/content-disposition': [ '0.5.6' ],
52 silly audit   '@types/content-type': [ '1.1.6' ],
52 silly audit   '@types/cookie': [ '0.5.2' ],
52 silly audit   '@types/cookie-parser': [ '1.4.4' ],
52 silly audit   '@types/cookie-signature': [ '1.1.0' ],
52 silly audit   '@types/cors': [ '2.8.14' ],
52 silly audit   '@types/debug': [ '4.1.8' ],
52 silly audit   '@types/depd': [ '1.1.32' ],
52 silly audit   '@types/destroy': [ '1.0.0' ],
52 silly audit   '@types/ee-first': [ '1.1.0' ],
52 silly audit   '@types/ejs': [ '3.1.2' ],
52 silly audit   '@types/encodeurl': [ '1.0.0' ],
52 silly audit   '@types/escape-html': [ '1.0.2' ],
52 silly audit   '@types/eslint': [ '8.44.2' ],
52 silly audit   '@types/eslint-plugin-markdown': [ '2.0.0' ],
52 silly audit   '@types/estree': [ '1.0.5' ],
52 silly audit   '@types/etag': [ '1.8.1' ],
52 silly audit   '@types/express': [ '4.17.17' ],
52 silly audit   '@types/express-serve-static-core': [ '4.17.41' ],
52 silly audit   '@types/fill-range': [ '7.0.0' ],
52 silly audit   '@types/finalhandler': [ '1.2.0' ],
52 silly audit   '@types/forwarded': [ '0.1.0' ],
52 silly audit   '@types/fresh': [ '0.5.0' ],
52 silly audit   '@types/function-bind': [ '1.1.7' ],
52 silly audit   '@types/get-intrinsic': [ '1.2.0' ],
52 silly audit   '@types/glob-parent': [ '5.1.1' ],
52 silly audit   '@types/gopd': [ '1.0.0' ],
52 silly audit   '@types/has-property-descriptors': [ '1.0.0' ],
52 silly audit   '@types/has-symbols': [ '1.0.0' ],
52 silly audit   '@types/http-errors': [ '2.0.1' ],
52 silly audit   '@types/inherits': [ '0.0.30' ],
52 silly audit   '@types/is-glob': [ '4.0.2' ],
52 silly audit   '@types/is-number': [ '7.0.3' ],
52 silly audit   '@types/istanbul': [ '0.4.30' ],
52 silly audit   '@types/jquery': [ '3.5.18' ],
52 silly audit   '@types/json-schema': [ '7.0.15' ],
52 silly audit   '@types/media-typer': [ '1.1.1' ],
52 silly audit   '@types/memory-pager': [ '1.4.0' ],
52 silly audit   '@types/merge-descriptors': [ '1.0.1' ],
52 silly audit   '@types/methods': [ '1.1.1' ],
52 silly audit   '@types/mime': [ '3.0.1', '1.3.5' ],
52 silly audit   '@types/mime-db': [ '1.43.1' ],
52 silly audit   '@types/mime-types': [ '2.1.1' ],
52 silly audit   '@types/mocha': [ '10.0.1' ],
52 silly audit   '@types/morgan': [ '1.9.5' ],
52 silly audit   '@types/ms': [ '0.7.31' ],
52 silly audit   '@types/negotiator': [ '0.6.1' ],
52 silly audit   '@types/node': [ '20.6.0' ],
52 silly audit   '@types/nodemon': [ '1.19.2' ],
52 silly audit   '@types/nopt': [ '3.0.29' ],
52 silly audit   '@types/normalize-path': [ '3.0.0' ],
52 silly audit   '@types/object-assign': [ '4.0.31' ],
52 silly audit   '@types/object-inspect': [ '1.8.2' ],
52 silly audit   '@types/on-finished': [ '2.3.2' ],
52 silly audit   '@types/parseurl': [ '1.3.1' ],
52 silly audit   '@types/picomatch': [ '2.3.0' ],
52 silly audit   '@types/proxy-addr': [ '2.0.0' ],
52 silly audit   '@types/punycode': [ '2.1.0' ],
52 silly audit   '@types/qs': [ '6.9.8' ],
52 silly audit   '@types/range-parser': [ '1.2.4' ],
52 silly audit   '@types/safer-buffer': [ '2.1.0' ],
52 silly audit   '@types/semver': [ '7.5.1' ],
52 silly audit   '@types/send': [ '0.17.1' ],
52 silly audit   '@types/serve-static': [ '1.15.2' ],
52 silly audit   '@types/sizzle': [ '2.3.8' ],
52 silly audit   '@types/sparse-bitfield': [ '3.0.1' ],
52 silly audit   '@types/statuses': [ '2.0.0' ],
52 silly audit   '@types/supports-color': [ '8.1.1' ],
52 silly audit   '@types/text-table': [ '0.2.3' ],
52 silly audit   '@types/tmp': [ '0.2.4' ],
52 silly audit   '@types/to-regex-range': [ '5.0.1' ],
52 silly audit   '@types/toidentifier': [ '1.0.0' ],
52 silly audit   '@types/touch': [ '3.1.3' ],
52 silly audit   '@types/tr46': [ '3.0.1' ],
52 silly audit   '@types/type-check': [ '0.3.28' ],
52 silly audit   '@types/type-is': [ '1.6.4' ],
52 silly audit   '@types/unist': [ '3.0.2' ],
52 silly audit   '@types/utils-merge': [ '0.0.29' ],
52 silly audit   '@types/vary': [ '1.1.0' ],
52 silly audit   '@types/webidl-conversions': [ '7.0.0' ],
52 silly audit   '@types/whatwg-url': [ '11.0.0' ],
52 silly audit   '@types/which': [ '3.0.0' ],
52 silly audit   '@types/wordwrap': [ '1.0.1' ],
52 silly audit   '@types/write': [ '2.0.1' ],
52 silly audit   '@types/ws': [ '8.5.5' ],
52 silly audit   '@types/yallist': [ '4.0.1' ],
52 silly audit   'types-registry': [ '0.1.672' ]
52 silly audit }
53 timing reify:unpack Completed in 1ms
54 timing reify:unretire Completed in 0ms
55 timing build:queue Completed in 0ms
56 timing build:deps Completed in 1ms
57 timing build Completed in 1ms
58 timing reify:build Completed in 1ms
59 timing reify:trash Completed in 0ms
60 timing reify:save Completed in 29ms
61 http fetch POST 200 https://registry.npmjs.org/-/npm/v1/security/advisories/bulk 285ms
62 timing auditReport:getReport Completed in 288ms
63 silly audit report {}
64 timing auditReport:init Completed in 0ms
65 timing reify:audit Completed in 288ms
66 timing reify Completed in 1320ms
67 timing command:install Completed in 1325ms
68 verbose exit 0
69 timing npm Completed in 1525ms
70 info ok
